
Showing logs for build [32mjenkins-x-labs-bot-bdd-gh-15862-q2sjk-1[0m stage [32mfrom-build-pack[0m and container [32mstep-credential-initializer-tbvpm[0m
{"level":"warn","ts":1586255321.5357006,"logger":"fallback-logger","caller":"logging/config.go:69","msg":"Fetch GitHub commit ID from kodata failed: \"ref: refs/heads/0.8.0-**-support-backwards-incompats\" is not a valid GitHub commit ID"}
{"level":"info","ts":1586255321.536194,"logger":"fallback-logger","caller":"creds-init/main.go:40","msg":"Credentials initialized."}

Showing logs for build [32mjenkins-x-labs-bot-bdd-gh-15862-q2sjk-1[0m stage [32mfrom-build-pack[0m and container [32mstep-working-dir-initializer-djxhn[0m
{"level":"warn","ts":1586255321.986384,"logger":"fallback-logger","caller":"logging/config.go:69","msg":"Fetch GitHub commit ID from kodata failed: open /var/run/ko/HEAD: no such file or directory"}
{"level":"info","ts":1586255321.9874854,"logger":"fallback-logger","caller":"bash/main.go:64","msg":"Successfully executed command \"sh -c mkdir -p /workspace/source\"; output "}

Showing logs for build [32mjenkins-x-labs-bot-bdd-gh-15862-q2sjk-1[0m stage [32mfrom-build-pack[0m and container [32mstep-place-tools[0m

Showing logs for build [32mjenkins-x-labs-bot-bdd-gh-15862-q2sjk-1[0m stage [32mfrom-build-pack[0m and container [32mstep-git-source-jenkins-x-labs-bot-bdd-gh-15862-q2sjk-clqwf[0m
{"level":"warn","ts":1586255328.112153,"logger":"fallback-logger","caller":"logging/config.go:69","msg":"Fetch GitHub commit ID from kodata failed: \"ref: refs/heads/0.8.0-**-support-backwards-incompats\" is not a valid GitHub commit ID"}
{"level":"info","ts":1586255329.1788542,"logger":"fallback-logger","caller":"git/git.go:103","msg":"Successfully cloned https://github.com/******************/bdd-gh-1586254847.git @ master in path /workspace/source"}

Showing logs for build [32mjenkins-x-labs-bot-bdd-gh-15862-q2sjk-1[0m stage [32mfrom-build-pack[0m and container [32mstep-git-merge[0m
Using SHAs from PULL_REFS=master:c10b31ee2bc01cd58a7879ca427b7e913999641c,1:a20627fdbc3f84f0b0bc33859220f8fa002e962b
DEBUG: LC_ALL=C JX_LOG_LEVEL=error git fetch origin --unshallow a20627fdbc3f84f0b0bc33859220f8fa002e962b: c10b31ee2bc01cd58a7879ca427b7e913999641c:
DEBUG: ran git fetch --unshallow origin a20627fdbc3f84f0b0bc33859220f8fa002e962b: c10b31ee2bc01cd58a7879ca427b7e913999641c: in 
DEBUG: LC_ALL=C JX_LOG_LEVEL=error git branch
DEBUG: LC_ALL=C JX_LOG_LEVEL=error git checkout master
DEBUG: ran git checkout master in 
DEBUG: LC_ALL=C JX_LOG_LEVEL=error git reset --hard c10b31ee2bc01cd58a7879ca427b7e913999641c
DEBUG: ran git reset --hard c10b31ee2bc01cd58a7879ca427b7e913999641c in 
DEBUG: JX_LOG_LEVEL=error LC_ALL=C git clean -fd .
DEBUG: ran clean --force -d . in 
DEBUG: LC_ALL=C JX_LOG_LEVEL=error git merge a20627fdbc3f84f0b0bc33859220f8fa002e962b
DEBUG: ran git merge a20627fdbc3f84f0b0bc33859220f8fa002e962b in 
DEBUG: LC_ALL=C JX_LOG_LEVEL=error git log --format=%H%x1f%an%x1f%ae%x1f%cn%x1f%ce%x1f%s%n%b%x1e c10b31ee2bc01cd58a7879ca427b7e913999641c..HEAD
Merged SHA a20627fdbc3f84f0b0bc33859220f8fa002e962b with commit message 'My first PR commit' into base branch master

Showing logs for build [32mjenkins-x-labs-bot-bdd-gh-15862-q2sjk-1[0m stage [32mfrom-build-pack[0m and container [32mstep-build-make-linux[0m
CGO_ENABLED=0 GOOS=linux GOARCH=amd64 GO15VENDOREXPERIMENT=1 go build -ldflags '' -o bin/bdd-gh-1586254847 main.go

Showing logs for build [32mjenkins-x-labs-bot-bdd-gh-15862-q2sjk-1[0m stage [32mfrom-build-pack[0m and container [32mstep-build-container-build[0m
ERROR: logging before flag.Parse: E0407 10:28:55.831345      11 metadata.go:241] Failed to unmarshal scopes: invalid character 'h' looking for beginning of value
[36mINFO[0m[0000] No base image, nothing to extract            
[36mINFO[0m[0000] cmd: EXPOSE                                  
[36mINFO[0m[0000] Adding exposed port: 8080/tcp                
[36mINFO[0m[0000] Using files from context: [/workspace/source/bin] 
[36mINFO[0m[0000] Skipping unpacking as no commands require it. 
[36mINFO[0m[0000] Taking snapshot of full filesystem...        
[36mINFO[0m[0000] EXPOSE 8080                                  
[36mINFO[0m[0000] cmd: EXPOSE                                  
[36mINFO[0m[0000] Adding exposed port: 8080/tcp                
[36mINFO[0m[0000] No files changed in this command, skipping snapshotting. 
[36mINFO[0m[0000] ENTRYPOINT ["/bdd-gh-1586254847"]            
[36mINFO[0m[0000] No files changed in this command, skipping snapshotting. 
[36mINFO[0m[0000] Using files from context: [/workspace/source/bin] 
[36mINFO[0m[0000] COPY ./bin/ /                                
[36mINFO[0m[0000] Taking snapshot of files...                  
2020/04/07 10:28:59 pushed blob: sha256:83d48d7d4fb532c5aff580aa03fb47de0aab46a6ba866d39791bb674f48e7727
2020/04/07 10:29:00 pushed blob: sha256:ba83b21d995cc7bb6e8ee059a7b0d151ad867c8a234adad689e4e0b6e23724a2
2020/04/07 10:29:01 gcr.io/jenkins-x-labs-bdd/bdd-gh-1586254847:0.0.0-SNAPSHOT-PR-1-1: digest: sha256:ee069b51d842e05b8dd7e10649a02aab56a66f831be0f01106c50a527ff50f60 size: 428

Showing logs for build [32mjenkins-x-labs-bot-bdd-gh-15862-q2sjk-1[0m stage [32mfrom-build-pack[0m and container [32mstep-postbuild-post-build[0m
no CVE provider running in the current ** namespace so skip adding image to be analysed

Showing logs for build [32mjenkins-x-labs-bot-bdd-gh-15862-q2sjk-1[0m stage [32mfrom-build-pack[0m and container [32mstep-promote-make-preview[0m
sed -i -e "s/version:.*/version: 0.0.0-SNAPSHOT-PR-1-1/" Chart.yaml
sed -i -e "s/version:.*/version: 0.0.0-SNAPSHOT-PR-1-1/" ../*/Chart.yaml
sed -i -e "s|repository:.*|repository: gcr.io\/jenkins-x-labs-bdd\/bdd-gh-1586254847|" values.yaml
sed -i -e "s/tag:.*/tag: 0.0.0-SNAPSHOT-PR-1-1/" values.yaml
echo "  version: 0.0.0-SNAPSHOT-PR-1-1" >> requirements.yaml
** step helm build
WARNING: No $CHART_REPOSITORY defined so using the default value of: http://jenkins-x-chartmuseum:8080
Adding missing Helm repo: storage.googleapis.com https://storage.googleapis.com/chartmuseum.jenkins-x.io
Successfully added Helm repository storage.googleapis.com.
Adding missing Helm repo: jenkins-x-chartmuseum http://jenkins-x-chartmuseum:8080
Successfully added Helm repository jenkins-x-chartmuseum.
WARNING: No $CHART_REPOSITORY defined so using the default value of: http://jenkins-x-chartmuseum:8080

Showing logs for build [32mjenkins-x-labs-bot-bdd-gh-15862-q2sjk-1[0m stage [32mfrom-build-pack[0m and container [32mstep-promote-jx-preview[0m
Creating a preview
Created environment ******************-bdd-gh-1586254847-pr-1
Namespace **-******************-bdd-gh-1586254847-pr-1 created 
expose:
  Annotations:
    helm.sh/hook: post-install,post-upgrade
    helm.sh/hook-delete-policy: hook-succeeded
  config:
    domain: 35.189.208.36.nip.io
    exposer: Ingress
    http: "true"
preview:
  image:
    repository: gcr.io/jenkins-x-labs-bdd/bdd-gh-1586254847
    tag: 0.0.0-SNAPSHOT-PR-1-1
adding helm values file /workspace/source/charts/preview/**Requirements.values.yaml for namespace **-******************-bdd-gh-1586254847-pr-1
Updating PipelineActivities ******************-bdd-gh-1586254847-pr-1-1 which has status Running
Preview application is now available at: http://bdd-gh-1586254847-**-******************-bdd-gh-1586254847-pr-1.35.189.208.36.nip.io
